\BOOKMARK [0][-]{chapter.1}{\376\377\000E\000i\000n\000l\000e\000i\000t\000u\000n\000g}{}% 1
\BOOKMARK [0][-]{chapter.2}{\376\377\000D\000o\000w\000n\000l\000o\000a\000d\000\040\000u\000n\000d\000\040\000I\000n\000s\000t\000a\000l\000l\000a\000t\000i\000o\000n}{}% 2
\BOOKMARK [0][-]{chapter.3}{\376\377\000S\000t\000a\000r\000t\000:\000\040\000R\000o\000t\000k\000\344\000p\000p\000c\000h\000e\000n\000\040\000u\000n\000d\000\040\000d\000i\000e\000\040\000d\000r\000e\000i\000\040\000T\000a\000n\000t\000e\000n}{}% 3
\BOOKMARK [0][-]{chapter.4}{\376\377\000P\000u\000n\000k\000t\000e\000\040\000u\000n\000d\000\040\000P\000i\000x\000e\000l}{}% 4
\BOOKMARK [1][-]{section*.2}{\376\377\000T\000u\000r\000m\000i\000t\000e}{chapter.4}% 5
\BOOKMARK [1][-]{section*.3}{\376\377\000W\000i\000r\000\040\000b\000a\000c\000k\000e\000n\000\040\000u\000n\000s\000\040\000e\000i\000n\000\040\000M\000a\000n\000d\000e\000l\000b\000r\000\366\000t\000c\000h\000e\000n}{chapter.4}% 6
\BOOKMARK [1][-]{section*.4}{\376\377\000P\000i\000x\000e\000l\000-\000A\000r\000r\000a\000y\000\040\000v\000e\000r\000s\000u\000s\000\040\000s\000e\000t\000\050\000\051}{chapter.4}% 7
\BOOKMARK [1][-]{section*.5}{\376\377\000J\000u\000l\000i\000a\000-\000M\000e\000n\000g\000e}{chapter.4}% 8
\BOOKMARK [1][-]{section*.6}{\376\377\000S\000c\000h\000n\000e\000l\000l\000e\000\040\000B\000i\000l\000d\000m\000a\000n\000i\000p\000u\000l\000a\000t\000i\000o\000n\000:\000\040\000D\000a\000s\000\040\000P\000i\000x\000e\000l\000-\000A\000r\000r\000a\000y}{chapter.4}% 9
\BOOKMARK [2][-]{section*.7}{\376\377\000F\000a\000n\000t\000a\000s\000t\000i\000c\000\040\000F\000e\000a\000t\000h\000e\000r\000\040\000F\000r\000a\000c\000t\000a\000l}{section*.6}% 10
\BOOKMARK [0][-]{chapter.5}{\376\377\000L\000i\000n\000i\000e\000n}{}% 11
\BOOKMARK [1][-]{section*.8}{\376\377\000A\000n\000s\000c\000h\000a\000u\000l\000i\000c\000h\000e\000\040\000M\000a\000t\000h\000e\000m\000a\000t\000i\000k\000:\000\040\000D\000i\000e\000\040\000S\000c\000h\000m\000e\000t\000t\000e\000r\000l\000i\000n\000g\000s\000k\000u\000r\000v\000e}{chapter.5}% 12
\BOOKMARK [1][-]{section*.9}{\376\377\000D\000e\000r\000\040\000L\000o\000r\000e\000n\000z\000-\000A\000t\000t\000r\000a\000k\000t\000o\000r\000,\000\040\000e\000i\000n\000e\000\040\000I\000k\000o\000n\000e\000\040\000d\000e\000r\000\040\000C\000h\000a\000o\000s\000-\000T\000h\000e\000o\000r\000i\000e}{chapter.5}% 13
\BOOKMARK [0][-]{chapter.6}{\376\377\000S\000h\000a\000p\000e\000s}{}% 14
\BOOKMARK [1][-]{section*.10}{\376\377\000F\000o\000r\000\040\000Y\000o\000u\000r\000\040\000E\000y\000e\000s\000\040\000O\000n\000l\000y\000\040\040\023\000\040\000P\000r\000o\000c\000e\000s\000s\000i\000n\000g\000.\000p\000y\000\040\000z\000i\000e\000h\000t\000\040\000K\000r\000e\000i\000s\000e}{chapter.6}% 15
\BOOKMARK [1][-]{section*.11}{\376\377\000S\000p\000a\000\337\000\040\000m\000i\000t\000\040\000K\000r\000e\000i\000s\000e\000n\000:\000\040\000K\000o\000n\000f\000e\000t\000t\000i}{chapter.6}% 16
\BOOKMARK [1][-]{section*.12}{\376\377\000S\000y\000n\000t\000a\000k\000t\000i\000s\000c\000h\000e\000r\000\040\000Z\000u\000c\000k\000e\000r\000:\000\040\000\273\000w\000i\000t\000h\000\253\000\040\000i\000n\000\040\000P\000r\000o\000c\000e\000s\000s\000i\000n\000g\000.\000p\000y}{chapter.6}% 17
\BOOKMARK [1][-]{section*.13}{\376\377\000S\000p\000a\000\337\000\040\000m\000i\000t\000\040\000K\000r\000e\000i\000s\000e\000n\000\040\000\050\0002\000\051\000\040\000i\000n\000\040\000P\000r\000o\000c\000e\000s\000s\000i\000n\000g\000.\000p\000y\000:\000\040\000C\000a\000n\000t\000o\000r\000-\000K\000\344\000s\000e\000\040\000u\000n\000d\000\040\000m\000e\000h\000r}{chapter.6}% 18
\BOOKMARK [1][-]{section*.14}{\376\377\000W\000e\000i\000t\000e\000r\000e\000\040\000g\000e\000o\000m\000e\000t\000r\000i\000s\000c\000h\000e\000\040\000G\000r\000u\000n\000d\000f\000o\000r\000m\000e\000n}{chapter.6}% 19
\BOOKMARK [1][-]{section*.15}{\376\377\000E\000i\000n\000e\000\040\000a\000n\000a\000l\000o\000g\000e\000\040\000U\000h\000r\000\040\000a\000u\000s\000\040\000K\000r\000e\000i\000s\000b\000\366\000g\000e\000n}{chapter.6}% 20
\BOOKMARK [1][-]{section*.16}{\376\377\000V\000i\000s\000u\000a\000l\000i\000s\000i\000e\000r\000u\000n\000g\000:\000\040\000D\000i\000e\000\040\000S\000o\000n\000n\000t\000a\000g\000s\000f\000r\000a\000g\000e}{chapter.6}% 21
\BOOKMARK [1][-]{section*.17}{\376\377\000D\000e\000r\000\040\000B\000a\000u\000m\000\040\000d\000e\000s\000\040\000P\000y\000t\000h\000a\000g\000o\000r\000a\000s}{chapter.6}% 22
\BOOKMARK [0][-]{chapter.7}{\376\377\000T\000e\000x\000t\000\050\000v\000e\000r\000a\000r\000b\000e\000i\000t\000u\000n\000g\000\051\000\040\000i\000n\000\040\000P\000r\000o\000c\000e\000s\000s\000i\000n\000g\000.\000p\000y}{}% 23
\BOOKMARK [1][-]{section*.18}{\376\377\000S\000p\000a\000\337\000\040\000m\000i\000t\000\040\000P\000r\000o\000c\000e\000s\000s\000i\000n\000g\000.\000p\000y\000:\000\040\000R\000e\000n\000t\000e\000n\000u\000h\000r}{chapter.7}% 24
\BOOKMARK [0][-]{chapter.8}{\376\377\000B\000i\000l\000d\000v\000e\000r\000a\000r\000b\000e\000i\000t\000u\000n\000g\000\040\000m\000i\000t\000\040\000P\000r\000o\000c\000e\000s\000s\000i\000n\000g\000.\000p\000y}{}% 25
\BOOKMARK [1][-]{section*.19}{\376\377\000J\000e\000d\000e\000r\000\040\000s\000e\000i\000n\000\040\000k\000l\000e\000i\000n\000e\000r\000\040\000W\000a\000r\000h\000o\000l}{chapter.8}% 26
\BOOKMARK [1][-]{section*.20}{\376\377\000F\000i\000l\000t\000e\000r\000\040\000f\000\374\000r\000\040\000d\000i\000e\000\040\000B\000i\000l\000d\000v\000e\000r\000a\000r\000b\000e\000i\000t\000u\000n\000g}{chapter.8}% 27
\BOOKMARK [1][-]{section*.21}{\376\377\000P\000o\000i\000n\000t\000i\000l\000l\000i\000s\000m\000u\000s}{chapter.8}% 28
\BOOKMARK [1][-]{section*.22}{\376\377\000N\000o\000c\000h\000\040\000m\000e\000h\000r\000\040\000P\000o\000i\000n\000t\000i\000l\000l\000i\000s\000m\000u\000s}{chapter.8}% 29
\BOOKMARK [0][-]{chapter.9}{\376\377\000A\000n\000i\000m\000a\000t\000i\000o\000n\000e\000n}{}% 30
\BOOKMARK [1][-]{section*.23}{\376\377\000E\000i\000n\000\040\000k\000l\000e\000i\000n\000e\000r\000\040\000r\000o\000t\000e\000r\000\040\000L\000u\000f\000t\000b\000a\000l\000l\000o\000n}{chapter.9}% 31
\BOOKMARK [0][-]{chapter.10}{\376\377\000S\000p\000a\000\337\000\040\000m\000i\000t\000\040\000\050\000S\000V\000G\000-\000\051\000\040\000S\000h\000a\000p\000e\000s\000:\000\040\000P\000i\000n\000g\000u\000i\000n\000e\000\040\000i\000m\000\040\000E\000i\000s\000m\000e\000e\000r}{}% 32
\BOOKMARK [0][-]{chapter.11}{\376\377\000O\000b\000j\000k\000e\000t\000e\000\040\000u\000n\000d\000\040\000K\000l\000a\000s\000s\000e\000n\000\040\000m\000i\000t\000\040\000K\000i\000t\000t\000y}{}% 33
\BOOKMARK [1][-]{section*.24}{\376\377\000H\000a\000l\000l\000o\000\040\000H\000\366\000r\000n\000c\000h\000e\000n\000\040\040\023\000\040\000H\000a\000l\000l\000o\000\040\000K\000i\000t\000t\000y\000\040\000r\000e\000v\000i\000s\000i\000t\000e\000d}{chapter.11}% 34
\BOOKMARK [1][-]{section*.25}{\376\377\000M\000o\000v\000i\000n\000g\000\040\000K\000i\000t\000t\000y}{chapter.11}% 35
\BOOKMARK [1][-]{section*.26}{\376\377\000K\000l\000a\000s\000s\000e\000\040\000K\000i\000t\000t\000y\000!}{chapter.11}% 36
\BOOKMARK [1][-]{section*.27}{\376\377\000\273\000C\000u\000t\000e\000\040\000P\000l\000a\000n\000e\000t\000\253\000\040\000m\000i\000t\000\040\000P\000r\000o\000c\000e\000s\000s\000i\000n\000g\000.\000p\000y}{chapter.11}% 37
\BOOKMARK [1][-]{section*.28}{\376\377\000F\000l\000u\000f\000f\000y\000\040\000P\000l\000a\000n\000e\000t}{chapter.11}% 38
\BOOKMARK [0][-]{chapter.12}{\376\377\000Z\000e\000l\000l\000u\000l\000\344\000r\000e\000\040\000A\000u\000t\000o\000m\000a\000t\000e\000n}{}% 39
\BOOKMARK [1][-]{section*.29}{\376\377\000D\000a\000s\000\040\000D\000e\000m\000o\000k\000r\000a\000t\000i\000e\000-\000S\000p\000i\000e\000l}{chapter.12}% 40
\BOOKMARK [1][-]{section*.30}{\376\377\000F\000r\000\366\000s\000c\000h\000e\000\040\000u\000n\000d\000\040\000S\000c\000h\000i\000l\000d\000k\000r\000\366\000t\000e\000n\000\040\000o\000d\000e\000r\000:\000\040\000W\000i\000e\000\040\000e\000n\000t\000s\000t\000e\000h\000t\000\040\000S\000e\000g\000r\000e\000g\000a\000t\000i\000o\000n\000?}{chapter.12}% 41
\BOOKMARK [1][-]{section*.31}{\376\377\000D\000e\000r\000\040\000W\000a\000l\000d\000b\000r\000a\000n\000d\000-\000S\000i\000m\000u\000l\000a\000t\000o\000r}{chapter.12}% 42
\BOOKMARK [0][-]{chapter.13}{\376\377\0003\000D\000\040\000m\000i\000t\000\040\000P\000r\000o\000c\000e\000s\000s\000i\000n\000g\000.\000p\000y}{}% 43
\BOOKMARK [1][-]{section*.32}{\376\377\000K\000u\000g\000e\000l\000n\000\040\000u\000n\000d\000\040\000K\000i\000s\000t\000e\000n}{chapter.13}% 44
\BOOKMARK [1][-]{section*.33}{\376\377\000U\000n\000d\000\040\000e\000s\000\040\000g\000e\000h\000t\000\040\000d\000o\000c\000h\000:\000\040\000K\000u\000g\000e\000l\000n\000\040\000u\000n\000d\000\040\000T\000e\000x\000t\000u\000r\000e\000n}{chapter.13}% 45
\BOOKMARK [1][-]{section*.34}{\376\377\000D\000i\000e\000\040\000E\000r\000d\000e\000\040\000i\000s\000t\000\040\000e\000i\000n\000e\000\040\000K\000i\000s\000t\000e}{chapter.13}% 46
\BOOKMARK [1][-]{section*.35}{\376\377\000L\000i\000c\000h\000t\000\040\000u\000n\000d\000\040\000S\000c\000h\000a\000t\000t\000e\000n}{chapter.13}% 47
\BOOKMARK [1][-]{section*.36}{\376\377\000E\000i\000n\000e\000n\000\040\000G\000l\000o\000b\000u\000s\000\040\000b\000a\000s\000t\000e\000l\000n}{chapter.13}% 48
\BOOKMARK [0][-]{chapter.14}{\376\377\000E\000i\000n\000e\000n\000\040\000e\000i\000g\000e\000n\000e\000n\000\040\000W\000e\000t\000t\000e\000r\000b\000e\000r\000i\000c\000h\000t\000\040\000m\000i\000t\000\040\000O\000p\000e\000n\000W\000e\000a\000t\000h\000e\000r\000M\000a\000p}{}% 49
\BOOKMARK [0][-]{chapter.15}{\376\377\000W\000o\000r\000d\000C\000r\000a\000m\000:\000\040\000P\000r\000o\000c\000e\000s\000s\000i\000n\000g\000.\000p\000y\000\040\000u\000n\000d\000\040\000e\000i\000n\000e\000\040\000P\000r\000o\000c\000e\000s\000s\000i\000n\000g\000\040\000\050\000J\000a\000v\000a\000\051\000\040\000B\000i\000b\000l\000i\000o\000t\000h\000e\000k}{}% 50
\BOOKMARK [0][-]{chapter.16}{\376\377\000R\000u\000n\000n\000i\000n\000g\000\040\000O\000r\000c\000\040\000m\000i\000t\000\040\000P\000r\000o\000c\000e\000s\000s\000i\000n\000g\000.\000p\000y}{}% 51
\BOOKMARK [1][-]{section*.37}{\376\377\000R\000u\000n\000n\000i\000n\000g\000\040\000O\000r\000c\000\040\000i\000n\000\040\000v\000i\000e\000r\000\040\000R\000i\000c\000h\000t\000u\000n\000g\000e\000n}{chapter.16}% 52
\BOOKMARK [1][-]{section*.38}{\376\377\000O\000r\000k\000\040\000m\000i\000t\000\040\000K\000o\000l\000l\000i\000s\000i\000o\000n\000s\000e\000r\000k\000e\000n\000n\000u\000n\000g}{chapter.16}% 53
\BOOKMARK [1][-]{section*.39}{\376\377\000E\000i\000n\000\040\000O\000r\000k\000\040\000i\000m\000\040\000L\000a\000b\000y\000r\000i\000n\000t\000h}{chapter.16}% 54
\BOOKMARK [1][-]{section*.40}{\376\377\000D\000e\000r\000\040\000a\000u\000t\000o\000n\000o\000m\000e\000\040\000O\000r\000k}{chapter.16}% 55
\BOOKMARK [1][-]{section*.41}{\376\377\000D\000r\000e\000i\000\040\000O\000r\000k\000s\000\040\000u\000n\000d\000\040\000e\000i\000n\000\040\000H\000e\000l\000d}{chapter.16}% 56
\BOOKMARK [0][-]{chapter.17}{\376\377\000E\000x\000k\000u\000r\000s\000\040\000R\000a\000u\000h\000n\000\344\000c\000h\000t\000e\000:\000\040\000S\000p\000a\000\337\000\040\000m\000i\000t\000\040\000P\000r\000o\000c\000e\000s\000s\000i\000n\000g\000.\000p\000y}{}% 57
\BOOKMARK [0][-]{chapter.18}{\376\377\000E\000x\000k\000u\000r\000s\000:\000\040\000W\000a\000l\000k\000i\000n\000g\000\040\000P\000i\000n\000g\000u\000s}{}% 58
\BOOKMARK [0][-]{chapter.19}{\376\377\000D\000a\000s\000\040\000A\000v\000o\000i\000d\000e\000r\000\040\000G\000a\000m\000e}{}% 59
\BOOKMARK [1][-]{section*.42}{\376\377\000G\000a\000m\000e\000\040\000S\000t\000a\000g\000e\000\040\0001}{chapter.19}% 60
\BOOKMARK [1][-]{section*.43}{\376\377\000S\000t\000a\000g\000e\000\040\0002}{chapter.19}% 61
\BOOKMARK [1][-]{section*.44}{\376\377\000S\000t\000a\000g\000e\000\040\0003\000:\000\040\000S\000t\000e\000r\000n\000e\000n\000h\000i\000m\000m\000e\000l}{chapter.19}% 62
\BOOKMARK [1][-]{section*.45}{\376\377\000S\000t\000a\000g\000e\000\040\0004\000:\000\040\000P\000o\000w\000e\000r\000U\000p\000\040\000u\000n\000d\000\040\000P\000o\000w\000e\000r\000D\000o\000w\000n}{chapter.19}% 63
\BOOKMARK [1][-]{section*.46}{\376\377\000N\000a\000c\000h\000t\000r\000a\000g\000:\000\040\000A\000v\000o\000i\000d\000e\000r\000\040\000G\000a\000m\000e\000\040\000S\000t\000a\000g\000e\000\040\0004\000a}{chapter.19}% 64
\BOOKMARK [0][-]{chapter.20}{\376\377\000E\000p\000i\000l\000o\000g}{}% 65
\BOOKMARK [0][-]{chapter.21}{\376\377\000A\000n\000h\000a\000n\000g}{}% 66
\BOOKMARK [1][-]{section*.47}{\376\377\000L\000i\000t\000e\000r\000a\000t\000u\000r\000v\000e\000r\000z\000e\000i\000c\000h\000n\000i\000s}{chapter.21}% 67
\BOOKMARK [1][-]{section*.48}{\376\377\000I\000n\000d\000e\000x}{chapter.21}% 68
